e:\c语言代码\三子棋_1\三子棋\debug\vc120.pdb
e:\c语言代码\三子棋_1\三子棋\debug\vc120.idb
e:\c语言代码\三子棋_1\三子棋\debug\game.obj
e:\c语言代码\三子棋_1\三子棋\debug\test.obj
e:\c语言代码\三子棋_1\debug\三子棋.ilk
e:\c语言代码\三子棋_1\debug\三子棋.exe
e:\c语言代码\三子棋_1\debug\三子棋.pdb
e:\c语言代码\三子棋_2\三子棋\debug\game.obj
e:\c语言代码\三子棋_2\三子棋\debug\test.obj
e:\c语言代码\三子棋_2\三子棋\debug\vc120.idb
e:\c语言代码\三子棋_2\三子棋\debug\vc120.pdb
e:\c语言代码\三子棋_2\debug\三子棋.pdb
e:\c语言代码\三子棋_2\debug\三子棋.exe
e:\c语言代码\三子棋_2\debug\三子棋.ilk
e:\c语言代码\三子棋_2\三子棋\debug\三子棋.tlog\cl.command.1.tlog
e:\c语言代码\三子棋_2\三子棋\debug\三子棋.tlog\cl.read.1.tlog
e:\c语言代码\三子棋_2\三子棋\debug\三子棋.tlog\cl.write.1.tlog
e:\c语言代码\三子棋_2\三子棋\debug\三子棋.tlog\link.command.1.tlog
e:\c语言代码\三子棋_2\三子棋\debug\三子棋.tlog\link.read.1.tlog
e:\c语言代码\三子棋_2\三子棋\debug\三子棋.tlog\link.write.1.tlog
